26-Jan-2020 19:52:50.257 INFO [main] org.apache.catalina.startup.VersionLoggerListener.log 서버 버전 이름:        Apache Tomcat/9.0.30
26-Jan-2020 19:52:50.266 INFO [main] org.apache.catalina.startup.VersionLoggerListener.log Server 빌드 시각:          Dec 7 2019 16:42:04 UTC
26-Jan-2020 19:52:50.266 INFO [main] org.apache.catalina.startup.VersionLoggerListener.log Server 버전 번호:         9.0.30.0
26-Jan-2020 19:52:50.267 INFO [main] org.apache.catalina.startup.VersionLoggerListener.log 운영체제 이름:               Windows 10
26-Jan-2020 19:52:50.267 INFO [main] org.apache.catalina.startup.VersionLoggerListener.log 운영체제 버전:            10.0
26-Jan-2020 19:52:50.268 INFO [main] org.apache.catalina.startup.VersionLoggerListener.log 아키텍처:          amd64
26-Jan-2020 19:52:50.268 INFO [main] org.apache.catalina.startup.VersionLoggerListener.log 자바 홈:             C:\Program Files\OpenJDK\jdk-12.0.1
26-Jan-2020 19:52:50.268 INFO [main] org.apache.catalina.startup.VersionLoggerListener.log JVM 버전:           12.0.1+12
26-Jan-2020 19:52:50.269 INFO [main] org.apache.catalina.startup.VersionLoggerListener.log JVM 벤더:            Oracle Corporation
26-Jan-2020 19:52:50.269 INFO [main] org.apache.catalina.startup.VersionLoggerListener.log CATALINA_BASE:         C:\shkim\intellij\Spring\SpringFramework-Core\spring-web\tomcat\apache-tomcat-9.0.30
26-Jan-2020 19:52:50.270 INFO [main] org.apache.catalina.startup.VersionLoggerListener.log CATALINA_HOME:         C:\shkim\intellij\Spring\SpringFramework-Core\spring-web\tomcat\apache-tomcat-9.0.30
26-Jan-2020 19:52:50.280 INFO [main] org.apache.catalina.startup.VersionLoggerListener.log 명령 행 아규먼트: --add-opens=java.base/java.lang=ALL-UNNAMED
26-Jan-2020 19:52:50.289 INFO [main] org.apache.catalina.startup.VersionLoggerListener.log 명령 행 아규먼트: --add-opens=java.base/java.io=ALL-UNNAMED
26-Jan-2020 19:52:50.293 INFO [main] org.apache.catalina.startup.VersionLoggerListener.log 명령 행 아규먼트: --add-opens=java.rmi/sun.rmi.transport=ALL-UNNAMED
26-Jan-2020 19:52:50.295 INFO [main] org.apache.catalina.startup.VersionLoggerListener.log 명령 행 아규먼트: -Djava.util.logging.config.file=C:\shkim\intellij\Spring\SpringFramework-Core\spring-web\tomcat\apache-tomcat-9.0.30\conf\logging.properties
26-Jan-2020 19:52:50.296 INFO [main] org.apache.catalina.startup.VersionLoggerListener.log 명령 행 아규먼트: -Djava.util.logging.manager=org.apache.juli.ClassLoaderLogManager
26-Jan-2020 19:52:50.306 INFO [main] org.apache.catalina.startup.VersionLoggerListener.log 명령 행 아규먼트: -Djdk.tls.ephemeralDHKeySize=2048
26-Jan-2020 19:52:50.319 INFO [main] org.apache.catalina.startup.VersionLoggerListener.log 명령 행 아규먼트: -Djava.protocol.handler.pkgs=org.apache.catalina.webresources
26-Jan-2020 19:52:50.331 INFO [main] org.apache.catalina.startup.VersionLoggerListener.log 명령 행 아규먼트: -Dignore.endorsed.dirs=
26-Jan-2020 19:52:50.343 INFO [main] org.apache.catalina.startup.VersionLoggerListener.log 명령 행 아규먼트: -Dcatalina.base=C:\shkim\intellij\Spring\SpringFramework-Core\spring-web\tomcat\apache-tomcat-9.0.30
26-Jan-2020 19:52:50.360 INFO [main] org.apache.catalina.startup.VersionLoggerListener.log 명령 행 아규먼트: -Dcatalina.home=C:\shkim\intellij\Spring\SpringFramework-Core\spring-web\tomcat\apache-tomcat-9.0.30
26-Jan-2020 19:52:50.380 INFO [main] org.apache.catalina.startup.VersionLoggerListener.log 명령 행 아규먼트: -Djava.io.tmpdir=C:\shkim\intellij\Spring\SpringFramework-Core\spring-web\tomcat\apache-tomcat-9.0.30\temp
26-Jan-2020 19:52:50.394 INFO [main] org.apache.catalina.core.AprLifecycleListener.lifecycleEvent 프로덕션 환경들에서 최적의 성능을 제공하는, APR 기반 Apache Tomcat Native 라이브러리가, 다음 java.library.path에서 발견되지 않습니다: [C:\Program Files\OpenJDK\jdk-12.0.1\bin;C:\WINDOWS\Sun\Java\bin;C:\WINDOWS\system32;C:\WINDOWS;C:\Program Files (x86)\NAT Service;C:\Rtools\bin;C:\Program Files\Microsoft MPI\Bin\;C:\app\shkim\product\11.2.0\dbhome_1\bin;C:\ProgramData\Oracle\Java\javapath;C:\ProgramData\Anaconda3;C:\ProgramData\Anaconda3\Library\mingw-w64\bin;C:\ProgramData\Anaconda3\Library\usr\bin;C:\ProgramData\Anaconda3\Library\bin;C:\ProgramData\Anaconda3\Scripts;C:\Program Files (x86)\Intel\Intel(R) Management Engine Components\iCLS\;C:\Program Files\Intel\Intel(R) Management Engine Components\iCLS\;C:\Windows\system32;C:\Windows;C:\Windows\System32\Wbem;C:\Windows\System32\WindowsPowerShell\v1.0\;C:\Program Files (x86)\Intel\Intel(R) Management Engine Components\DAL;C:\Program Files\Intel\Intel(R) Management Engine Components\DAL;C:\Program Files (x86)\Intel\Intel(R) Management Engine Components\IPT;C:\Program Files\Intel\Intel(R) Management Engine Components\IPT;C:\Program Files (x86)\NVIDIA Corporation\PhysX\Common;C:\Program Files\IDM Computer Solutions\UltraEdit;C:\oracle\instantclient_12_2;C:\WINDOWS\system32;C:\WINDOWS;C:\WINDOWS\System32\Wbem;C:\WINDOWS\System32\WindowsPowerShell\v1.0\;C:\WINDOWS\System32\OpenSSH\;C:\Program Files\Git\cmd;C:\Program Files (x86)\PuTTY\;C:\Kings\KOS;C:\Kings\KOS\x64;C:\Program Files\Pandoc\;C:\shkim\util\apache-maven-3.6.1\bin;C:\Program Files\Microsoft VS Code\bin;C:\Program Files\NVIDIA Corporation\NVIDIA NvDLISR;C:\ProgramData\chocolatey\bin;C:\ProgramData\chocolatey\lib\maven\apache-maven-3.6.3\bin;C:\Ruby23-x64\bin;C:\Ruby22-x64\bin;C:\Ruby25-x64\bin;C:\Users\shkim\AppData\Local\Microsoft\WindowsApps;C:\Program Files\Bandizip\;C:\Users\shkim\AppData\Local\atom\bin;C:\Users\shkim\AppData\Local\Microsoft\WindowsApps;C:\Program Files\JetBrains\IntelliJ IDEA 2019.2.1\bin;C:\Program Files\JetBrains\PyCharm Community Edition 2019.3\bin;.]
26-Jan-2020 19:52:50.715 INFO [main] org.apache.coyote.AbstractProtocol.init 프로토콜 핸들러 ["http-nio-8080"]을(를) 초기화합니다.
26-Jan-2020 19:52:51.466 INFO [main] org.apache.coyote.AbstractProtocol.init 프로토콜 핸들러 ["ajp-nio-8009"]을(를) 초기화합니다.
26-Jan-2020 19:52:51.483 INFO [main] org.apache.catalina.startup.Catalina.load [1,492] 밀리초 내에 서버가 초기화되었습니다.
26-Jan-2020 19:52:51.542 INFO [main] org.apache.catalina.core.StandardService.startInternal 서비스 [Catalina]을(를) 시작합니다.
26-Jan-2020 19:52:51.559 INFO [main] org.apache.catalina.core.StandardEngine.startInternal 서버 엔진을 시작합니다: [Apache Tomcat/9.0.30]
26-Jan-2020 19:52:51.603 INFO [main] org.apache.catalina.startup.HostConfig.deployWAR 웹 애플리케이션 아카이브 [C:\shkim\intellij\Spring\SpringFramework-Core\spring-web\tomcat\apache-tomcat-9.0.30\webapps\springWeb.war]을(를) 배치합니다.
26-Jan-2020 19:52:58.341 INFO [main] org.apache.jasper.servlet.TldScanner.scanJars 적어도 하나의 JAR가 TLD들을 찾기 위해 스캔되었으나 아무 것도 찾지 못했습니다. 스캔했으나 TLD가 없는 JAR들의 전체 목록을 보시려면, 로그 레벨을 디버그 레벨로 설정하십시오. 스캔 과정에서 불필요한 JAR들을 건너뛰면, 시스템 시작 시간과 JSP 컴파일 시간을 단축시킬 수 있습니다.
26-Jan-2020 19:52:59.111 WARNING [main] org.apache.catalina.util.SessionIdGeneratorBase.createSecureRandom [SHA1PRNG] 알고리즘을 사용하여, 세션 ID를 생성하기 위한 SecureRandom 객체를 생성하는데, [728] 밀리초가 소요됐습니다.
26-Jan-2020 19:52:59.207 INFO [main] org.apache.catalina.startup.HostConfig.deployWAR 웹 애플리케이션 아카이브 [C:\shkim\intellij\Spring\SpringFramework-Core\spring-web\tomcat\apache-tomcat-9.0.30\webapps\springWeb.war]의 배치가 [7,603] 밀리초에 완료되었습니다.
26-Jan-2020 19:52:59.241 INFO [main] org.apache.catalina.startup.HostConfig.deployDirectory 웹 애플리케이션 디렉토리 [C:\shkim\intellij\Spring\SpringFramework-Core\spring-web\tomcat\apache-tomcat-9.0.30\webapps\docs]을(를) 배치합니다.
26-Jan-2020 19:52:59.353 INFO [main] org.apache.catalina.startup.HostConfig.deployDirectory 웹 애플리케이션 디렉토리 [C:\shkim\intellij\Spring\SpringFramework-Core\spring-web\tomcat\apache-tomcat-9.0.30\webapps\docs]에 대한 배치가 [111] 밀리초에 완료되었습니다.
26-Jan-2020 19:52:59.367 INFO [main] org.apache.catalina.startup.HostConfig.deployDirectory 웹 애플리케이션 디렉토리 [C:\shkim\intellij\Spring\SpringFramework-Core\spring-web\tomcat\apache-tomcat-9.0.30\webapps\examples]을(를) 배치합니다.
26-Jan-2020 19:53:00.335 INFO [main] org.apache.catalina.startup.HostConfig.deployDirectory 웹 애플리케이션 디렉토리 [C:\shkim\intellij\Spring\SpringFramework-Core\spring-web\tomcat\apache-tomcat-9.0.30\webapps\examples]에 대한 배치가 [968] 밀리초에 완료되었습니다.
26-Jan-2020 19:53:00.341 INFO [main] org.apache.catalina.startup.HostConfig.deployDirectory 웹 애플리케이션 디렉토리 [C:\shkim\intellij\Spring\SpringFramework-Core\spring-web\tomcat\apache-tomcat-9.0.30\webapps\host-manager]을(를) 배치합니다.
26-Jan-2020 19:53:00.456 INFO [main] org.apache.catalina.startup.HostConfig.deployDirectory 웹 애플리케이션 디렉토리 [C:\shkim\intellij\Spring\SpringFramework-Core\spring-web\tomcat\apache-tomcat-9.0.30\webapps\host-manager]에 대한 배치가 [116] 밀리초에 완료되었습니다.
26-Jan-2020 19:53:00.471 INFO [main] org.apache.catalina.startup.HostConfig.deployDirectory 웹 애플리케이션 디렉토리 [C:\shkim\intellij\Spring\SpringFramework-Core\spring-web\tomcat\apache-tomcat-9.0.30\webapps\manager]을(를) 배치합니다.
26-Jan-2020 19:53:00.569 INFO [main] org.apache.catalina.startup.HostConfig.deployDirectory 웹 애플리케이션 디렉토리 [C:\shkim\intellij\Spring\SpringFramework-Core\spring-web\tomcat\apache-tomcat-9.0.30\webapps\manager]에 대한 배치가 [99] 밀리초에 완료되었습니다.
26-Jan-2020 19:53:00.575 INFO [main] org.apache.catalina.startup.HostConfig.deployDirectory 웹 애플리케이션 디렉토리 [C:\shkim\intellij\Spring\SpringFramework-Core\spring-web\tomcat\apache-tomcat-9.0.30\webapps\ROOT]을(를) 배치합니다.
26-Jan-2020 19:53:00.647 INFO [main] org.apache.catalina.startup.HostConfig.deployDirectory 웹 애플리케이션 디렉토리 [C:\shkim\intellij\Spring\SpringFramework-Core\spring-web\tomcat\apache-tomcat-9.0.30\webapps\ROOT]에 대한 배치가 [72] 밀리초에 완료되었습니다.
26-Jan-2020 19:53:00.670 INFO [main] org.apache.coyote.AbstractProtocol.start 프로토콜 핸들러 ["http-nio-8080"]을(를) 시작합니다.
26-Jan-2020 19:53:00.696 INFO [main] org.apache.coyote.AbstractProtocol.start 프로토콜 핸들러 ["ajp-nio-8009"]을(를) 시작합니다.
26-Jan-2020 19:53:00.717 INFO [main] org.apache.catalina.startup.Catalina.start 서버가 [9,229] 밀리초 내에 시작되었습니다.
